# JRE version: OpenJDK Runtime Environment Temurin-17.0.10+7 (17.0.10+7) (build 17.0.10+7)
# Java VM: OpenJDK 64-Bit Server VM Temurin-17.0.10+7 (17.0.10+7, mixed mode, tiered, compressed oops, compressed class ptrs, parallel gc, windows-amd64)
GC Precious Log:
 CPUs: 4 total, 4 available
 Memory: 3911M
 Large Page Support: Disabled
 NUMA Support: Disabled
 Compressed Oops: Enabled (32-bit)
 Alignments: Space 512K, Generation 512K, Heap 2M
 Heap Min Capacity: 100M
 Heap Initial Capacity: 100M
 Heap Max Capacity: 1G
 Pre-touch: Disabled
 Parallel Workers: 4
Heap:
 PSYoungGen      total 3584K, used 2048K [0x00000000eab00000, 0x00000000ebb00000, 0x0000000100000000)
  eden space 1536K, 0% used [0x00000000eab00000,0x00000000eab00000,0x00000000eac80000)
  from space 2048K, 100% used [0x00000000eb300000,0x00000000eb500000,0x00000000eb500000)
  to   space 6656K, 0% used [0x00000000eac80000,0x00000000eac80000,0x00000000eb300000)
 ParOldGen       total 239616K, used 238040K [0x00000000c0000000, 0x00000000cea00000, 0x00000000eab00000)
  object space 239616K, 99% used [0x00000000c0000000,0x00000000ce876030,0x00000000cea00000)
 Metaspace       used 97004K, committed 98432K, reserved 1179648K
  class space    used 9678K, committed 10304K, reserved 1048576K
GC Heap History (20 events):
Event: 7171.125 GC heap after
{Heap after GC invocations=5268 (full 134):
 PSYoungGen      total 3584K, used 64K [0x00000000eab00000, 0x00000000eb180000, 0x0000000100000000)
  eden space 3072K, 0% used [0x00000000eab00000,0x00000000eab00000,0x00000000eae00000)
  from space 512K, 12% used [0x00000000eb080000,0x00000000eb090000,0x00000000eb100000)
  to   space 512K, 0% used [0x00000000eb100000,0x00000000eb100000,0x00000000eb180000)
 ParOldGen       total 239616K, used 221117K [0x00000000c0000000, 0x00000000cea00000, 0x00000000eab00000)
  object space 239616K, 92% used [0x00000000c0000000,0x00000000cd7ef6d0,0x00000000cea00000)
 Metaspace       used 96808K, committed 98304K, reserved 1179648K
  class space    used 9649K, committed 10304K, reserved 1048576K
}
Event: 7172.976 GC heap before
{Heap before GC invocations=5269 (full 134):
 PSYoungGen      total 3584K, used 3066K [0x00000000eab00000, 0x00000000eb180000, 0x0000000100000000)
  eden space 3072K, 97% used [0x00000000eab00000,0x00000000eadee888,0x00000000eae00000)
  from space 512K, 12% used [0x00000000eb080000,0x00000000eb090000,0x00000000eb100000)
  to   space 512K, 0% used [0x00000000eb100000,0x00000000eb100000,0x00000000eb180000)
 ParOldGen       total 239616K, used 221117K [0x00000000c0000000, 0x00000000cea00000, 0x00000000eab00000)
  object space 239616K, 92% used [0x00000000c0000000,0x00000000cd7ef6d0,0x00000000cea00000)
 Metaspace       used 96808K, committed 98304K, reserved 1179648K
  class space    used 9649K, committed 10304K, reserved 1048576K
}
Event: 7172.979 GC heap after
{Heap after GC invocations=5269 (full 134):
 PSYoungGen      total 3584K, used 96K [0x00000000eab00000, 0x00000000eb180000, 0x0000000100000000)
  eden space 3072K, 0% used [0x00000000eab00000,0x00000000eab00000,0x00000000eae00000)
  from space 512K, 18% used [0x00000000eb100000,0x00000000eb118000,0x00000000eb180000)
  to   space 512K, 0% used [0x00000000eb080000,0x00000000eb080000,0x00000000eb100000)
 ParOldGen       total 239616K, used 221125K [0x00000000c0000000, 0x00000000cea00000, 0x00000000eab00000)
  object space 239616K, 92% used [0x00000000c0000000,0x00000000cd7f16d0,0x00000000cea00000)
 Metaspace       used 96808K, committed 98304K, reserved 1179648K
  class space    used 9649K, committed 10304K, reserved 1048576K
}
Event: 7178.331 GC heap before
{Heap before GC invocations=5270 (full 134):
 PSYoungGen      total 3584K, used 3168K [0x00000000eab00000, 0x00000000eb180000, 0x0000000100000000)
  eden space 3072K, 100% used [0x00000000eab00000,0x00000000eae00000,0x00000000eae00000)
  from space 512K, 18% used [0x00000000eb100000,0x00000000eb118000,0x00000000eb180000)
  to   space 512K, 0% used [0x00000000eb080000,0x00000000eb080000,0x00000000eb100000)
 ParOldGen       total 239616K, used 221125K [0x00000000c0000000, 0x00000000cea00000, 0x00000000eab00000)
  object space 239616K, 92% used [0x00000000c0000000,0x00000000cd7f16d0,0x00000000cea00000)
 Metaspace       used 96911K, committed 98368K, reserved 1179648K
  class space    used 9667K, committed 10304K, reserved 1048576K
}
Event: 7178.334 GC heap after
{Heap after GC invocations=5270 (full 134):
 PSYoungGen      total 3584K, used 512K [0x00000000eab00000, 0x00000000eb180000, 0x0000000100000000)
  eden space 3072K, 0% used [0x00000000eab00000,0x00000000eab00000,0x00000000eae00000)
  from space 512K, 100% used [0x00000000eb080000,0x00000000eb100000,0x00000000eb100000)
  to   space 512K, 0% used [0x00000000eb100000,0x00000000eb100000,0x00000000eb180000)
 ParOldGen       total 239616K, used 221149K [0x00000000c0000000, 0x00000000cea00000, 0x00000000eab00000)
  object space 239616K, 92% used [0x00000000c0000000,0x00000000cd7f76d0,0x00000000cea00000)
 Metaspace       used 96911K, committed 98368K, reserved 1179648K
  class space    used 9667K, committed 10304K, reserved 1048576K
}
Event: 7185.628 GC heap before
{Heap before GC invocations=5271 (full 134):
 PSYoungGen      total 3584K, used 3584K [0x00000000eab00000, 0x00000000eb180000, 0x0000000100000000)
  eden space 3072K, 100% used [0x00000000eab00000,0x00000000eae00000,0x00000000eae00000)
  from space 512K, 100% used [0x00000000eb080000,0x00000000eb100000,0x00000000eb100000)
  to   space 512K, 0% used [0x00000000eb100000,0x00000000eb100000,0x00000000eb180000)
 ParOldGen       total 239616K, used 221149K [0x00000000c0000000, 0x00000000cea00000, 0x00000000eab00000)
  object space 239616K, 92% used [0x00000000c0000000,0x00000000cd7f76d0,0x00000000cea00000)
 Metaspace       used 97004K, committed 98432K, reserved 1179648K
  class space    used 9678K, committed 10304K, reserved 1048576K
}
Event: 7185.706 GC heap after
{Heap after GC invocations=5271 (full 134):
 PSYoungGen      total 3584K, used 512K [0x00000000eab00000, 0x00000000eb300000, 0x0000000100000000)
  eden space 3072K, 0% used [0x00000000eab00000,0x00000000eab00000,0x00000000eae00000)
  from space 512K, 100% used [0x00000000eb100000,0x00000000eb180000,0x00000000eb180000)
  to   space 2560K, 0% used [0x00000000eae00000,0x00000000eae00000,0x00000000eb080000)
 ParOldGen       total 239616K, used 222820K [0x00000000c0000000, 0x00000000cea00000, 0x00000000eab00000)
  object space 239616K, 92% used [0x00000000c0000000,0x00000000cd9992f0,0x00000000cea00000)
 Metaspace       used 97004K, committed 98432K, reserved 1179648K
  class space    used 9678K, committed 10304K, reserved 1048576K
}
Event: 7190.593 GC heap before
{Heap before GC invocations=5272 (full 134):
 PSYoungGen      total 3584K, used 3584K [0x00000000eab00000, 0x00000000eb300000, 0x0000000100000000)
  eden space 3072K, 100% used [0x00000000eab00000,0x00000000eae00000,0x00000000eae00000)
  from space 512K, 100% used [0x00000000eb100000,0x00000000eb180000,0x00000000eb180000)
  to   space 2560K, 0% used [0x00000000eae00000,0x00000000eae00000,0x00000000eb080000)
 ParOldGen       total 239616K, used 222820K [0x00000000c0000000, 0x00000000cea00000, 0x00000000eab00000)
  object space 239616K, 92% used [0x00000000c0000000,0x00000000cd9992f0,0x00000000cea00000)
 Metaspace       used 97004K, committed 98432K, reserved 1179648K
  class space    used 9678K, committed 10304K, reserved 1048576K
}
Event: 7190.600 GC heap after
{Heap after GC invocations=5272 (full 134):
 PSYoungGen      total 5632K, used 2560K [0x00000000eab00000, 0x00000000eb600000, 0x0000000100000000)
  eden space 3072K, 0% used [0x00000000eab00000,0x00000000eab00000,0x00000000eae00000)
  from space 2560K, 100% used [0x00000000eae00000,0x00000000eb080000,0x00000000eb080000)
  to   space 4096K, 0% used [0x00000000eb200000,0x00000000eb200000,0x00000000eb600000)
 ParOldGen       total 239616K, used 223765K [0x00000000c0000000, 0x00000000cea00000, 0x00000000eab00000)
  object space 239616K, 93% used [0x00000000c0000000,0x00000000cda85580,0x00000000cea00000)
 Metaspace       used 97004K, committed 98432K, reserved 1179648K
  class space    used 9678K, committed 10304K, reserved 1048576K
}
Event: 7197.407 GC heap before
{Heap before GC invocations=5273 (full 134):
 PSYoungGen      total 5632K, used 5632K [0x00000000eab00000, 0x00000000eb600000, 0x0000000100000000)
  eden space 3072K, 100% used [0x00000000eab00000,0x00000000eae00000,0x00000000eae00000)
  from space 2560K, 100% used [0x00000000eae00000,0x00000000eb080000,0x00000000eb080000)
  to   space 4096K, 0% used [0x00000000eb200000,0x00000000eb200000,0x00000000eb600000)
 ParOldGen       total 239616K, used 223765K [0x00000000c0000000, 0x00000000cea00000, 0x00000000eab00000)
  object space 239616K, 93% used [0x00000000c0000000,0x00000000cda85580,0x00000000cea00000)
 Metaspace       used 97004K, committed 98432K, reserved 1179648K
  class space    used 9678K, committed 10304K, reserved 1048576K
}
Event: 7197.418 GC heap after
{Heap after GC invocations=5273 (full 134):
 PSYoungGen      total 6144K, used 3072K [0x00000000eab00000, 0x00000000eb500000, 0x0000000100000000)
  eden space 3072K, 0% used [0x00000000eab00000,0x00000000eab00000,0x00000000eae00000)
  from space 3072K, 100% used [0x00000000eb200000,0x00000000eb500000,0x00000000eb500000)
  to   space 3584K, 0% used [0x00000000eae00000,0x00000000eae00000,0x00000000eb180000)
 ParOldGen       total 239616K, used 226357K [0x00000000c0000000, 0x00000000cea00000, 0x00000000eab00000)
  object space 239616K, 94% used [0x00000000c0000000,0x00000000cdd0d580,0x00000000cea00000)
 Metaspace       used 97004K, committed 98432K, reserved 1179648K
  class space    used 9678K, committed 10304K, reserved 1048576K
}
Event: 7199.715 GC heap before
{Heap before GC invocations=5274 (full 134):
 PSYoungGen      total 6144K, used 5975K [0x00000000eab00000, 0x00000000eb500000, 0x0000000100000000)
  eden space 3072K, 94% used [0x00000000eab00000,0x00000000eadd5cf0,0x00000000eae00000)
  from space 3072K, 100% used [0x00000000eb200000,0x00000000eb500000,0x00000000eb500000)
  to   space 3584K, 0% used [0x00000000eae00000,0x00000000eae00000,0x00000000eb180000)
 ParOldGen       total 239616K, used 226357K [0x00000000c0000000, 0x00000000cea00000, 0x00000000eab00000)
  object space 239616K, 94% used [0x00000000c0000000,0x00000000cdd0d580,0x00000000cea00000)
 Metaspace       used 97004K, committed 98432K, reserved 1179648K
  class space    used 9678K, committed 10304K, reserved 1048576K
}
Event: 7199.724 GC heap after
{Heap after GC invocations=5274 (full 134):
 PSYoungGen      total 6656K, used 3584K [0x00000000eab00000, 0x00000000ebb00000, 0x0000000100000000)
  eden space 3072K, 0% used [0x00000000eab00000,0x00000000eab00000,0x00000000eae00000)
  from space 3584K, 100% used [0x00000000eae00000,0x00000000eb180000,0x00000000eb180000)
  to   space 6656K, 0% used [0x00000000eb480000,0x00000000eb480000,0x00000000ebb00000)
 ParOldGen       total 239616K, used 228505K [0x00000000c0000000, 0x00000000cea00000, 0x00000000eab00000)
  object space 239616K, 95% used [0x00000000c0000000,0x00000000cdf26580,0x00000000cea00000)
 Metaspace       used 97004K, committed 98432K, reserved 1179648K
  class space    used 9678K, committed 10304K, reserved 1048576K
}
Event: 7199.778 GC heap before
{Heap before GC invocations=5275 (full 134):
 PSYoungGen      total 6656K, used 6643K [0x00000000eab00000, 0x00000000ebb00000, 0x0000000100000000)
  eden space 3072K, 99% used [0x00000000eab00000,0x00000000eadfce00,0x00000000eae00000)
  from space 3584K, 100% used [0x00000000eae00000,0x00000000eb180000,0x00000000eb180000)
  to   space 6656K, 0% used [0x00000000eb480000,0x00000000eb480000,0x00000000ebb00000)
 ParOldGen       total 239616K, used 228505K [0x00000000c0000000, 0x00000000cea00000, 0x00000000eab00000)
  object space 239616K, 95% used [0x00000000c0000000,0x00000000cdf26580,0x00000000cea00000)
 Metaspace       used 97004K, committed 98432K, reserved 1179648K
  class space    used 9678K, committed 10304K, reserved 1048576K
}
Event: 7199.788 GC heap after
{Heap after GC invocations=5275 (full 134):
 PSYoungGen      total 6144K, used 2656K [0x00000000eab00000, 0x00000000eb780000, 0x0000000100000000)
  eden space 3072K, 0% used [0x00000000eab00000,0x00000000eab00000,0x00000000eae00000)
  from space 3072K, 86% used [0x00000000eb480000,0x00000000eb718000,0x00000000eb780000)
  to   space 4096K, 0% used [0x00000000eaf80000,0x00000000eaf80000,0x00000000eb380000)
 ParOldGen       total 239616K, used 232121K [0x00000000c0000000, 0x00000000cea00000, 0x00000000eab00000)
  object space 239616K, 96% used [0x00000000c0000000,0x00000000ce2ae580,0x00000000cea00000)
 Metaspace       used 97004K, committed 98432K, reserved 1179648K
  class space    used 9678K, committed 10304K, reserved 1048576K
}
Event: 7201.372 GC heap before
{Heap before GC invocations=5276 (full 134):
 PSYoungGen      total 6144K, used 5727K [0x00000000eab00000, 0x00000000eb780000, 0x0000000100000000)
  eden space 3072K, 99% used [0x00000000eab00000,0x00000000eadfffc8,0x00000000eae00000)
  from space 3072K, 86% used [0x00000000eb480000,0x00000000eb718000,0x00000000eb780000)
  to   space 4096K, 0% used [0x00000000eaf80000,0x00000000eaf80000,0x00000000eb380000)
 ParOldGen       total 239616K, used 232121K [0x00000000c0000000, 0x00000000cea00000, 0x00000000eab00000)
  object space 239616K, 96% used [0x00000000c0000000,0x00000000ce2ae580,0x00000000cea00000)
 Metaspace       used 97004K, committed 98432K, reserved 1179648K
  class space    used 9678K, committed 10304K, reserved 1048576K
}
Event: 7201.380 GC heap after
{Heap after GC invocations=5276 (full 134):
 PSYoungGen      total 6656K, used 3126K [0x00000000eab00000, 0x00000000eb500000, 0x0000000100000000)
  eden space 3072K, 0% used [0x00000000eab00000,0x00000000eab00000,0x00000000eae00000)
  from space 3584K, 87% used [0x00000000eaf80000,0x00000000eb28dab0,0x00000000eb300000)
  to   space 2048K, 0% used [0x00000000eb300000,0x00000000eb300000,0x00000000eb500000)
 ParOldGen       total 239616K, used 233961K [0x00000000c0000000, 0x00000000cea00000, 0x00000000eab00000)
  object space 239616K, 97% used [0x00000000c0000000,0x00000000ce47a580,0x00000000cea00000)
 Metaspace       used 97004K, committed 98432K, reserved 1179648K
  class space    used 9678K, committed 10304K, reserved 1048576K
}
Event: 7205.626 GC heap before
{Heap before GC invocations=5277 (full 134):
 PSYoungGen      total 6656K, used 6198K [0x00000000eab00000, 0x00000000eb500000, 0x0000000100000000)
  eden space 3072K, 100% used [0x00000000eab00000,0x00000000eae00000,0x00000000eae00000)
  from space 3584K, 87% used [0x00000000eaf80000,0x00000000eb28dab0,0x00000000eb300000)
  to   space 2048K, 0% used [0x00000000eb300000,0x00000000eb300000,0x00000000eb500000)
 ParOldGen       total 239616K, used 233961K [0x00000000c0000000, 0x00000000cea00000, 0x00000000eab00000)
  object space 239616K, 97% used [0x00000000c0000000,0x00000000ce47a580,0x00000000cea00000)
 Metaspace       used 97004K, committed 98432K, reserved 1179648K
  class space    used 9678K, committed 10304K, reserved 1048576K
}
Event: 7205.634 GC heap after
{Heap after GC invocations=5277 (full 134):
 PSYoungGen      total 3584K, used 2048K [0x00000000eab00000, 0x00000000ebb00000, 0x0000000100000000)
  eden space 1536K, 0% used [0x00000000eab00000,0x00000000eab00000,0x00000000eac80000)
  from space 2048K, 100% used [0x00000000eb300000,0x00000000eb500000,0x00000000eb500000)
  to   space 6656K, 0% used [0x00000000eac80000,0x00000000eac80000,0x00000000eb300000)
 ParOldGen       total 239616K, used 238040K [0x00000000c0000000, 0x00000000cea00000, 0x00000000eab00000)
  object space 239616K, 99% used [0x00000000c0000000,0x00000000ce876030,0x00000000cea00000)
 Metaspace       used 97004K, committed 98432K, reserved 1179648K
  class space    used 9678K, committed 10304K, reserved 1048576K
}
Event: 7205.634 GC heap before
{Heap before GC invocations=5278 (full 135):
 PSYoungGen      total 3584K, used 2048K [0x00000000eab00000, 0x00000000ebb00000, 0x0000000100000000)
  eden space 1536K, 0% used [0x00000000eab00000,0x00000000eab00000,0x00000000eac80000)
  from space 2048K, 100% used [0x00000000eb300000,0x00000000eb500000,0x00000000eb500000)
  to   space 6656K, 0% used [0x00000000eac80000,0x00000000eac80000,0x00000000eb300000)
 ParOldGen       total 239616K, used 238040K [0x00000000c0000000, 0x00000000cea00000, 0x00000000eab00000)
  object space 239616K, 99% used [0x00000000c0000000,0x00000000ce876030,0x00000000cea00000)
 Metaspace       used 97004K, committed 98432K, reserved 1179648K
  class space    used 9678K, committed 10304K, reserved 1048576K
}

